1707139340742:help
1707139345725:get help
1707139349651:het --help
1707139353447:get --help
1707139361538:get diy
1707139373874:get --type diy
1707139380591:get --tpye fsdf
1707139412795:get --type kk
1707172092161:get
1707172102823:get --type diy
1707172109865:get --type social
1707239423505:get
1707239430950:get --type diy
1707241133448:get
1707241144431:get --type diy
1707242161531:get
1707242250970:get --type
1707242257441:get --type jkyjb
1707242263522:get --type diy
1707242274277:get --type social
1707242294559:get
1707242300736:get --type diy
1707242306472:get --type social
1707242339258:get
1707242345121:get --diy
1707242353800:get type --diy
1707242359765:get --type diy
1707242551593:get
1707242558401:get --type diy
1707244316223:get
1707249691608:get --type giy
1707249709375:get --type diy
1707249743722:get
1707250450753:get --type
1707250455942:get --type fsdf
1707250461837:--get type diy
1707250468364:get --type diy
1707250495576:get --type diy --minprice 0.7
1707250512207:get --minprice 0.1
1707250523759:get --minPrice 0.1
1707250536455:get --type diy --minPrice 0.7
1707250576004:get --type diy --minPrice 0.7 --maxPrice 0.1
1707250611947:get
1707250940292:get --minprice sad
1707250949540:get --minPrice sada
1707250959284:get --minPrice 4
1707250968571:get --minPrice 0.3
1707251012502:get --minPrice ksad
1707327264341:get
1707327268551:get --type diy
1707327273083:get --type skdfs
1707330697566:get
1707330701318:get --type
1707330708988:get --type diy
1707333355525:get
